Running from: /usr/share/jenkins/jenkins.war
webroot: EnvVars.masterEnvVars.get("JENKINS_HOME")
2020-06-30 15:05:47.761+0000 [id=1]	INFO	org.eclipse.jetty.util.log.Log#initialized: Logging initialized @328ms to org.eclipse.jetty.util.log.JavaUtilLog
2020-06-30 15:05:47.868+0000 [id=1]	INFO	winstone.Logger#logInternal: Beginning extraction from war file
2020-06-30 15:05:54.516+0000 [id=1]	WARNING	o.e.j.s.handler.ContextHandler#setContextPath: Empty contextPath
2020-06-30 15:05:54.565+0000 [id=1]	INFO	org.eclipse.jetty.server.Server#doStart: jetty-9.4.27.v20200227; built: 2020-02-27T18:37:21.340Z; git: a304fd9f351f337e7c0e2a7c28878dd536149c6c; jvm 1.8.0_212-b04
2020-06-30 15:05:54.867+0000 [id=1]	INFO	o.e.j.w.StandardDescriptorProcessor#visitServlet: NO JSP Support for /, did not find org.eclipse.jetty.jsp.JettyJspServlet
2020-06-30 15:05:54.908+0000 [id=1]	INFO	o.e.j.s.s.DefaultSessionIdManager#doStart: DefaultSessionIdManager workerName=node0
2020-06-30 15:05:54.908+0000 [id=1]	INFO	o.e.j.s.s.DefaultSessionIdManager#doStart: No SessionScavenger set, using defaults
2020-06-30 15:05:54.911+0000 [id=1]	INFO	o.e.j.server.session.HouseKeeper#startScavenging: node0 Scavenging every 600000ms
2020-06-30 15:05:55.244+0000 [id=1]	INFO	hudson.WebAppMain#contextInitialized: Jenkins home directory: /var/jenkins_home found at: EnvVars.masterEnvVars.get("JENKINS_HOME")
2020-06-30 15:05:55.441+0000 [id=1]	INFO	o.e.j.s.handler.ContextHandler#doStart: Started w.@62f87c44{Jenkins v2.235.1,/,file:///var/jenkins_home/war/,AVAILABLE}{/var/jenkins_home/war}
2020-06-30 15:05:55.461+0000 [id=1]	INFO	o.e.j.server.AbstractConnector#doStart: Started ServerConnector@4d14b6c2{HTTP/1.1, (http/1.1)}{0.0.0.0:8080}
2020-06-30 15:05:55.461+0000 [id=1]	INFO	org.eclipse.jetty.server.Server#doStart: Started @8028ms
2020-06-30 15:05:55.463+0000 [id=20]	INFO	winstone.Logger#logInternal: Winstone Servlet Engine running: controlPort=disabled
2020-06-30 15:05:56.614+0000 [id=25]	INFO	jenkins.InitReactorRunner$1#onAttained: Started initialization
2020-06-30 15:05:59.964+0000 [id=26]	INFO	hudson.PluginManager#considerDetachedPlugin: Loading a detached plugin as a dependency: /var/jenkins_home/plugins/bouncycastle-api.jpi
2020-06-30 15:06:00.107+0000 [id=26]	INFO	hudson.PluginManager#considerDetachedPlugin: Loading a detached plugin as a dependency: /var/jenkins_home/plugins/command-launcher.jpi
2020-06-30 15:06:00.177+0000 [id=26]	INFO	hudson.PluginManager#considerDetachedPlugin: Loading a detached plugin as a dependency: /var/jenkins_home/plugins/jdk-tool.jpi
2020-06-30 15:06:09.392+0000 [id=25]	INFO	jenkins.InitReactorRunner$1#onAttained: Listed all plugins
2020-06-30 15:06:09.444+0000 [id=25]	INFO	j.b.a.SecurityProviderInitializer#addSecurityProvider: Initializing Bouncy Castle security provider.
2020-06-30 15:06:09.559+0000 [id=25]	INFO	j.b.a.SecurityProviderInitializer#addSecurityProvider: Bouncy Castle security provider initialized.
2020-06-30 15:06:17.943+0000 [id=25]	INFO	jenkins.InitReactorRunner$1#onAttained: Prepared all plugins
2020-06-30 15:06:17.971+0000 [id=25]	INFO	jenkins.InitReactorRunner$1#onAttained: Started all plugins
2020-06-30 15:06:19.031+0000 [id=26]	INFO	jenkins.InitReactorRunner$1#onAttained: Augmented all extensions
2020-06-30 15:06:19.081+0000 [id=25]	INFO	jenkins.InitReactorRunner$1#onAttained: System config loaded
2020-06-30 15:06:19.081+0000 [id=25]	INFO	jenkins.InitReactorRunner$1#onAttained: System config adapted
2020-06-30 15:06:19.081+0000 [id=25]	INFO	jenkins.InitReactorRunner$1#onAttained: Loaded all jobs
2020-06-30 15:06:19.086+0000 [id=26]	INFO	jenkins.InitReactorRunner$1#onAttained: Configuration for all jobs updated
2020-06-30 15:06:19.099+0000 [id=40]	INFO	hudson.model.AsyncPeriodicWork#lambda$doRun$0: Started Download metadata
2020-06-30 15:06:19.114+0000 [id=40]	INFO	hudson.util.Retrier#start: Attempt #1 to do the action check updates server
2020-06-30 15:06:19.532+0000 [id=25]	INFO	o.s.c.s.AbstractApplicationContext#prepareRefresh: Refreshing org.springframework.web.context.support.StaticWebApplicationContext@5cb647f8: display name [Root WebApplicationContext]; startup date [Tue Jun 30 23:06:19 CST 2020]; root of context hierarchy
2020-06-30 15:06:19.532+0000 [id=25]	INFO	o.s.c.s.AbstractApplicationContext#obtainFreshBeanFactory: Bean factory for application context [org.springframework.web.context.support.StaticWebApplicationContext@5cb647f8]: org.springframework.beans.factory.support.DefaultListableBeanFactory@2bc276da
2020-06-30 15:06:19.541+0000 [id=25]	INFO	o.s.b.f.s.DefaultListableBeanFactory#preInstantiateSingletons: Pre-instantiating singletons in org.springframework.beans.factory.support.DefaultListableBeanFactory@2bc276da: defining beans [authenticationManager]; root of factory hierarchy
2020-06-30 15:06:19.660+0000 [id=25]	INFO	o.s.c.s.AbstractApplicationContext#prepareRefresh: Refreshing org.springframework.web.context.support.StaticWebApplicationContext@7ad071dd: display name [Root WebApplicationContext]; startup date [Tue Jun 30 23:06:19 CST 2020]; root of context hierarchy
2020-06-30 15:06:19.660+0000 [id=25]	INFO	o.s.c.s.AbstractApplicationContext#obtainFreshBeanFactory: Bean factory for application context [org.springframework.web.context.support.StaticWebApplicationContext@7ad071dd]: org.springframework.beans.factory.support.DefaultListableBeanFactory@27ea322b
2020-06-30 15:06:19.660+0000 [id=25]	INFO	o.s.b.f.s.DefaultListableBeanFactory#preInstantiateSingletons: Pre-instantiating singletons in org.springframework.beans.factory.support.DefaultListableBeanFactory@27ea322b: defining beans [filter,legacy]; root of factory hierarchy
2020-06-30 15:06:19.898+0000 [id=25]	INFO	jenkins.install.SetupWizard#init: 

*************************************************************
*************************************************************
*************************************************************

Jenkins initial setup is required. An admin user has been created and a password generated.
Please use the following password to proceed to installation:

13bdf70b6e204eefa4da05a8df6ce982

This may also be found at: /var/jenkins_home/secrets/initialAdminPassword

*************************************************************
*************************************************************
*************************************************************

